[2025-12-11 21:24:51] [INFO] [preprocess] [Main]: === TIỀN XỬ LÝ DỮ LIỆU ===
[2025-12-11 21:24:51] [INFO] [preprocess] [DataLoader]: >>> KHỞI TẠO DATA LOADER <<<
[2025-12-11 21:24:51] [INFO] [preprocess] [DataLoader]: *** ĐỌC DỮ LIỆU ***
[2025-12-11 21:24:51] [INFO] [preprocess] [DataLoader]: Đọc dữ liệu thành công — Rows: 1723, Cols: 84
[2025-12-11 21:24:51] [INFO] [preprocess] [DataLoader]: *** THÔNG TIN CƠ BẢN CỦA DATAFRAME ***
[2025-12-11 21:24:51] [DEBUG] [preprocess] [DataLoader]: Số dòng: 1723, Số cột: 84
[2025-12-11 21:24:51] [DEBUG] [preprocess] [DataLoader]: Thông tin DataFrame:
None
[2025-12-11 21:24:51] [WARNING] [preprocess] [DataLoader]: Giá trị thiếu:
Date                 9
High                 2
Adj Close            1
Volume               1
SP_open              1
                  ... 
USO_Adj Close        2
USO_Volume           2
Empty_Column_1    1723
Empty_Column_2    1723
Empty_Column_3    1723
Length: 81, dtype: int64
[2025-12-11 21:24:51] [INFO] [preprocess] [StatisticsAnalyzer]: >>> KHỞI TẠO STATISTICS ANALYZER <<<
[2025-12-11 21:24:51] [INFO] [preprocess] [DataPreprocessor]: >>> KHỞI TẠO DATA PREPROCESSOR <<<
[2025-12-11 21:24:51] [INFO] [preprocess] [DataScaler]: >>> KHỞI TẠO DATA SCALER <<<
[2025-12-11 21:24:51] [INFO] [preprocess] [BasicVisualizer]: >>> KHỞI TẠO BASIC VISUALIZER <<<
[2025-12-11 21:24:51] [INFO] [preprocess] [BasicVisualizer]: Chuyển cột 'Date' từ object sang datetime thành công.
[2025-12-11 21:24:52] [INFO] [preprocess] [StatisticsAnalyzer]: *** LẤY THỐNG KÊ MÔ TẢ ***
[2025-12-11 21:24:52] [INFO] [preprocess] [StatisticsAnalyzer]: Thống kê mô tả cho cột số.
[2025-12-11 21:24:52] [DEBUG] [preprocess] [StatisticsAnalyzer]: Số cột số: 80
[2025-12-11 21:24:52] [DEBUG] [preprocess] [StatisticsAnalyzer]: Cột số: ['Open', 'High', 'Low', 'Close', 'Adj Close', 'Volume', 'SP_open', 'SP_high', 'SP_low', 'SP_close', 'SP_Ajclose', 'SP_volume', 'DJ_open', 'DJ_high', 'DJ_low', 'DJ_close', 'DJ_Ajclose', 'DJ_volume', 'EG_open', 'EG_low', 'EG_close', 'EG_Ajclose', 'EG_volume', 'EU_Price', 'EU_open', 'EU_high', 'EU_low', 'EU_Trend', 'OF_Price', 'OF_Open', 'OF_High', 'OF_Low', 'OF_Volume', 'OF_Trend', 'OS_Open', 'OS_High', 'OS_Low', 'OS_Trend', 'SF_Price', 'SF_Open', 'SF_High', 'SF_Low', 'SF_Volume', 'SF_Trend', 'USB_Price', 'USB_Open', 'USB_High', 'USB_Low', 'USB_Trend', 'PLT_Open', 'PLT_High', 'PLT_Low', 'PLT_Trend', 'PLD_Price', 'PLD_Open', 'PLD_High', 'PLD_Low', 'PLD_Trend', 'RHO_PRICE', 'USDI_Price', 'USDI_Open', 'USDI_High', 'USDI_Low', 'USDI_Volume', 'USDI_Trend', 'GDX_Open', 'GDX_High', 'GDX_Low', 'GDX_Close', 'GDX_Adj Close', 'GDX_Volume', 'USO_Open', 'USO_High', 'USO_Low', 'USO_Close', 'USO_Adj Close', 'USO_Volume', 'Empty_Column_1', 'Empty_Column_2', 'Empty_Column_3']
[2025-12-11 21:24:52] [DEBUG] [preprocess] [StatisticsAnalyzer]: Thống kê mô tả:
              Open         High          Low  ...  Empty_Column_1  Empty_Column_2  Empty_Column_3
count  1723.000000  1721.000000  1723.000000  ...             0.0             0.0             0.0
mean    127.378299   127.895874   126.832020  ...             NaN             NaN             NaN
std      17.567678    17.664608    17.437272  ...             NaN             NaN             NaN
min     100.919998   100.989998   100.230003  ...             NaN             NaN             NaN
25%     116.225002   116.540001   115.750000  ...             NaN             NaN             NaN
50%     121.949997   122.339996   121.379997  ...             NaN             NaN             NaN
75%     128.455002   129.089996   127.884998  ...             NaN             NaN             NaN
max     173.199997   174.070007   172.919998  ...             NaN             NaN             NaN

[8 rows x 80 columns]
[2025-12-11 21:24:52] [INFO] [preprocess] [StatisticsAnalyzer]: Thống kê mô tả cho cột phân loại.
[2025-12-11 21:24:52] [DEBUG] [preprocess] [StatisticsAnalyzer]: Số cột phân loại: 4
[2025-12-11 21:24:52] [DEBUG] [preprocess] [StatisticsAnalyzer]: Cột phân loại: ['Date', 'EG_high', 'OS_Price', 'PLT_Price']
[2025-12-11 21:24:52] [DEBUG] [preprocess] [StatisticsAnalyzer]: Thống kê mô tả:
             Date EG_high OS_Price PLT_Price
count        1714    1720     1720      1721
unique       1711     841     1470      1610
top     1/25/2013     5.8   103.38     827.8
freq            2      10        4         4
[2025-12-11 21:24:52] [INFO] [preprocess] [BasicVisualizer]: Tạo báo cáo hình ảnh tự động cho toàn bộ DataFrame...
[2025-12-11 21:24:52] [INFO] [preprocess] [BasicVisualizer]: Tự động chọn biểu đồ cho cột 'Date'...
[2025-12-11 21:24:55] [INFO] [preprocess] [BasicVisualizer]: Hoàn thành vẽ Line Chart cho cột datetime 'Date'.
[2025-12-11 21:24:55] [INFO] [preprocess] [BasicVisualizer]: Tự động chọn biểu đồ cho cột 'Open'...
[2025-12-11 21:24:56] [INFO] [preprocess] [BasicVisualizer]: Hoàn thành vẽ Histogram + KDE cho cột 'Open'.
[2025-12-11 21:24:56] [INFO] [preprocess] [BasicVisualizer]: Hoàn thành vẽ Boxplot cho cột 'Open'.
[2025-12-11 21:24:56] [INFO] [preprocess] [BasicVisualizer]: Tự động chọn biểu đồ cho cột 'High'...
[2025-12-11 21:24:57] [INFO] [preprocess] [BasicVisualizer]: Hoàn thành vẽ Histogram + KDE cho cột 'High'.
[2025-12-11 21:24:58] [INFO] [preprocess] [BasicVisualizer]: Hoàn thành vẽ Boxplot cho cột 'High'.
[2025-12-11 21:24:58] [INFO] [preprocess] [BasicVisualizer]: Tự động chọn biểu đồ cho cột 'Low'...
[2025-12-11 21:24:58] [INFO] [preprocess] [BasicVisualizer]: Hoàn thành vẽ Histogram + KDE cho cột 'Low'.
[2025-12-11 21:24:59] [INFO] [preprocess] [BasicVisualizer]: Hoàn thành vẽ Boxplot cho cột 'Low'.
[2025-12-11 21:24:59] [INFO] [preprocess] [BasicVisualizer]: Tự động chọn biểu đồ cho cột 'Close'...
[2025-12-11 21:25:00] [INFO] [preprocess] [BasicVisualizer]: Hoàn thành vẽ Histogram + KDE cho cột 'Close'.
[2025-12-11 21:25:00] [INFO] [preprocess] [BasicVisualizer]: Hoàn thành vẽ Boxplot cho cột 'Close'.
[2025-12-11 21:25:00] [INFO] [preprocess] [BasicVisualizer]: Tự động chọn biểu đồ cho cột 'Adj Close'...
[2025-12-11 21:25:01] [INFO] [preprocess] [BasicVisualizer]: Hoàn thành vẽ Histogram + KDE cho cột 'Adj Close'.
[2025-12-11 21:25:02] [INFO] [preprocess] [BasicVisualizer]: Hoàn thành vẽ Boxplot cho cột 'Adj Close'.
[2025-12-11 21:25:02] [INFO] [preprocess] [BasicVisualizer]: Tự động chọn biểu đồ cho cột 'Volume'...
[2025-12-11 21:25:02] [INFO] [preprocess] [BasicVisualizer]: Hoàn thành vẽ Histogram + KDE cho cột 'Volume'.
[2025-12-11 21:25:03] [INFO] [preprocess] [BasicVisualizer]: Hoàn thành vẽ Boxplot cho cột 'Volume'.
[2025-12-11 21:25:03] [INFO] [preprocess] [BasicVisualizer]: Tự động chọn biểu đồ cho cột 'SP_open'...
[2025-12-11 21:25:04] [INFO] [preprocess] [BasicVisualizer]: Hoàn thành vẽ Histogram + KDE cho cột 'SP_open'.
[2025-12-11 21:25:04] [INFO] [preprocess] [BasicVisualizer]: Hoàn thành vẽ Boxplot cho cột 'SP_open'.
[2025-12-11 21:25:04] [INFO] [preprocess] [BasicVisualizer]: Tự động chọn biểu đồ cho cột 'SP_high'...
[2025-12-11 21:25:05] [INFO] [preprocess] [BasicVisualizer]: Hoàn thành vẽ Histogram + KDE cho cột 'SP_high'.
[2025-12-11 21:25:06] [INFO] [preprocess] [BasicVisualizer]: Hoàn thành vẽ Boxplot cho cột 'SP_high'.
[2025-12-11 21:25:06] [INFO] [preprocess] [BasicVisualizer]: Tự động chọn biểu đồ cho cột 'SP_low'...
[2025-12-11 21:25:06] [INFO] [preprocess] [BasicVisualizer]: Hoàn thành vẽ Histogram + KDE cho cột 'SP_low'.
[2025-12-11 21:25:07] [INFO] [preprocess] [BasicVisualizer]: Hoàn thành vẽ Boxplot cho cột 'SP_low'.
[2025-12-11 21:25:07] [INFO] [preprocess] [BasicVisualizer]: Tự động chọn biểu đồ cho cột 'SP_close'...
[2025-12-11 21:25:08] [INFO] [preprocess] [BasicVisualizer]: Hoàn thành vẽ Histogram + KDE cho cột 'SP_close'.
[2025-12-11 21:25:08] [INFO] [preprocess] [BasicVisualizer]: Hoàn thành vẽ Boxplot cho cột 'SP_close'.
[2025-12-11 21:25:08] [INFO] [preprocess] [BasicVisualizer]: Tự động chọn biểu đồ cho cột 'SP_Ajclose'...
[2025-12-11 21:25:09] [INFO] [preprocess] [BasicVisualizer]: Hoàn thành vẽ Histogram + KDE cho cột 'SP_Ajclose'.
[2025-12-11 21:25:10] [INFO] [preprocess] [BasicVisualizer]: Hoàn thành vẽ Boxplot cho cột 'SP_Ajclose'.
[2025-12-11 21:25:10] [INFO] [preprocess] [BasicVisualizer]: Tự động chọn biểu đồ cho cột 'SP_volume'...
[2025-12-11 21:25:10] [INFO] [preprocess] [BasicVisualizer]: Hoàn thành vẽ Histogram + KDE cho cột 'SP_volume'.
[2025-12-11 21:25:11] [INFO] [preprocess] [BasicVisualizer]: Hoàn thành vẽ Boxplot cho cột 'SP_volume'.
[2025-12-11 21:25:11] [INFO] [preprocess] [BasicVisualizer]: Tự động chọn biểu đồ cho cột 'DJ_open'...
[2025-12-11 21:25:11] [INFO] [preprocess] [BasicVisualizer]: Hoàn thành vẽ Histogram + KDE cho cột 'DJ_open'.
[2025-12-11 21:25:12] [INFO] [preprocess] [BasicVisualizer]: Hoàn thành vẽ Boxplot cho cột 'DJ_open'.
[2025-12-11 21:25:12] [INFO] [preprocess] [BasicVisualizer]: Tự động chọn biểu đồ cho cột 'DJ_high'...
[2025-12-11 21:25:13] [INFO] [preprocess] [BasicVisualizer]: Hoàn thành vẽ Histogram + KDE cho cột 'DJ_high'.
[2025-12-11 21:25:13] [INFO] [preprocess] [BasicVisualizer]: Hoàn thành vẽ Boxplot cho cột 'DJ_high'.
[2025-12-11 21:25:13] [INFO] [preprocess] [BasicVisualizer]: Tự động chọn biểu đồ cho cột 'DJ_low'...
[2025-12-11 21:25:14] [INFO] [preprocess] [BasicVisualizer]: Hoàn thành vẽ Histogram + KDE cho cột 'DJ_low'.
[2025-12-11 21:25:15] [INFO] [preprocess] [BasicVisualizer]: Hoàn thành vẽ Boxplot cho cột 'DJ_low'.
[2025-12-11 21:25:15] [INFO] [preprocess] [BasicVisualizer]: Tự động chọn biểu đồ cho cột 'DJ_close'...
[2025-12-11 21:25:51] [INFO] [preprocess] [BasicVisualizer]: Hoàn thành vẽ Histogram + KDE cho cột 'DJ_close'.
[2025-12-11 21:25:52] [INFO] [preprocess] [BasicVisualizer]: Hoàn thành vẽ Boxplot cho cột 'DJ_close'.
[2025-12-11 21:25:52] [INFO] [preprocess] [BasicVisualizer]: Tự động chọn biểu đồ cho cột 'DJ_Ajclose'...
[2025-12-11 21:25:52] [INFO] [preprocess] [BasicVisualizer]: Hoàn thành vẽ Histogram + KDE cho cột 'DJ_Ajclose'.
[2025-12-11 21:25:53] [INFO] [preprocess] [BasicVisualizer]: Hoàn thành vẽ Boxplot cho cột 'DJ_Ajclose'.
[2025-12-11 21:25:53] [INFO] [preprocess] [BasicVisualizer]: Tự động chọn biểu đồ cho cột 'DJ_volume'...
[2025-12-11 21:25:54] [INFO] [preprocess] [BasicVisualizer]: Hoàn thành vẽ Histogram + KDE cho cột 'DJ_volume'.
[2025-12-11 21:25:54] [INFO] [preprocess] [BasicVisualizer]: Hoàn thành vẽ Boxplot cho cột 'DJ_volume'.
[2025-12-11 21:25:54] [INFO] [preprocess] [BasicVisualizer]: Tự động chọn biểu đồ cho cột 'EG_open'...
[2025-12-11 21:25:55] [INFO] [preprocess] [BasicVisualizer]: Hoàn thành vẽ Histogram + KDE cho cột 'EG_open'.
[2025-12-11 21:25:55] [INFO] [preprocess] [BasicVisualizer]: Hoàn thành vẽ Boxplot cho cột 'EG_open'.
[2025-12-11 21:25:55] [INFO] [preprocess] [BasicVisualizer]: Tự động chọn biểu đồ cho cột 'EG_high'...
[2025-12-11 21:26:00] [INFO] [preprocess] [BasicVisualizer]: Hoàn thành vẽ Bar chart cho cột 'EG_high'.
[2025-12-11 21:26:00] [INFO] [preprocess] [BasicVisualizer]: Tự động chọn biểu đồ cho cột 'EG_low'...
[2025-12-11 21:26:01] [INFO] [preprocess] [BasicVisualizer]: Hoàn thành vẽ Histogram + KDE cho cột 'EG_low'.
[2025-12-11 21:26:02] [INFO] [preprocess] [BasicVisualizer]: Hoàn thành vẽ Boxplot cho cột 'EG_low'.
[2025-12-11 21:26:02] [INFO] [preprocess] [BasicVisualizer]: Tự động chọn biểu đồ cho cột 'EG_close'...
[2025-12-11 21:26:02] [INFO] [preprocess] [BasicVisualizer]: Hoàn thành vẽ Histogram + KDE cho cột 'EG_close'.
[2025-12-11 21:26:03] [INFO] [preprocess] [BasicVisualizer]: Hoàn thành vẽ Boxplot cho cột 'EG_close'.
[2025-12-11 21:26:03] [INFO] [preprocess] [BasicVisualizer]: Tự động chọn biểu đồ cho cột 'EG_Ajclose'...
[2025-12-11 21:26:04] [INFO] [preprocess] [BasicVisualizer]: Hoàn thành vẽ Histogram + KDE cho cột 'EG_Ajclose'.
[2025-12-11 21:26:04] [INFO] [preprocess] [BasicVisualizer]: Hoàn thành vẽ Boxplot cho cột 'EG_Ajclose'.
[2025-12-11 21:26:04] [INFO] [preprocess] [BasicVisualizer]: Tự động chọn biểu đồ cho cột 'EG_volume'...
[2025-12-11 21:26:05] [INFO] [preprocess] [BasicVisualizer]: Hoàn thành vẽ Histogram + KDE cho cột 'EG_volume'.
[2025-12-11 21:26:06] [INFO] [preprocess] [BasicVisualizer]: Hoàn thành vẽ Boxplot cho cột 'EG_volume'.
[2025-12-11 21:26:06] [INFO] [preprocess] [BasicVisualizer]: Tự động chọn biểu đồ cho cột 'EU_Price'...
[2025-12-11 21:26:06] [INFO] [preprocess] [BasicVisualizer]: Hoàn thành vẽ Histogram + KDE cho cột 'EU_Price'.
[2025-12-11 21:26:07] [INFO] [preprocess] [BasicVisualizer]: Hoàn thành vẽ Boxplot cho cột 'EU_Price'.
[2025-12-11 21:26:07] [INFO] [preprocess] [BasicVisualizer]: Tự động chọn biểu đồ cho cột 'EU_open'...
[2025-12-11 21:26:08] [INFO] [preprocess] [BasicVisualizer]: Hoàn thành vẽ Histogram + KDE cho cột 'EU_open'.
[2025-12-11 21:26:08] [INFO] [preprocess] [BasicVisualizer]: Hoàn thành vẽ Boxplot cho cột 'EU_open'.
[2025-12-11 21:26:08] [INFO] [preprocess] [BasicVisualizer]: Tự động chọn biểu đồ cho cột 'EU_high'...
[2025-12-11 21:26:09] [INFO] [preprocess] [BasicVisualizer]: Hoàn thành vẽ Histogram + KDE cho cột 'EU_high'.
[2025-12-11 21:26:10] [INFO] [preprocess] [BasicVisualizer]: Hoàn thành vẽ Boxplot cho cột 'EU_high'.
[2025-12-11 21:26:10] [INFO] [preprocess] [BasicVisualizer]: Tự động chọn biểu đồ cho cột 'EU_low'...
[2025-12-11 21:26:10] [INFO] [preprocess] [BasicVisualizer]: Hoàn thành vẽ Histogram + KDE cho cột 'EU_low'.
[2025-12-11 21:26:11] [INFO] [preprocess] [BasicVisualizer]: Hoàn thành vẽ Boxplot cho cột 'EU_low'.
[2025-12-11 21:26:11] [INFO] [preprocess] [BasicVisualizer]: Tự động chọn biểu đồ cho cột 'EU_Trend'...
[2025-12-11 21:26:11] [INFO] [preprocess] [BasicVisualizer]: Hoàn thành vẽ Bar chart cho cột 'EU_Trend'.
[2025-12-11 21:26:11] [INFO] [preprocess] [BasicVisualizer]: Tự động chọn biểu đồ cho cột 'OF_Price'...
[2025-12-11 21:26:12] [INFO] [preprocess] [BasicVisualizer]: Hoàn thành vẽ Histogram + KDE cho cột 'OF_Price'.
[2025-12-11 21:26:13] [INFO] [preprocess] [BasicVisualizer]: Hoàn thành vẽ Boxplot cho cột 'OF_Price'.
[2025-12-11 21:26:13] [INFO] [preprocess] [BasicVisualizer]: Tự động chọn biểu đồ cho cột 'OF_Open'...
[2025-12-11 21:26:13] [INFO] [preprocess] [BasicVisualizer]: Hoàn thành vẽ Histogram + KDE cho cột 'OF_Open'.
[2025-12-11 21:26:14] [INFO] [preprocess] [BasicVisualizer]: Hoàn thành vẽ Boxplot cho cột 'OF_Open'.
[2025-12-11 21:26:14] [INFO] [preprocess] [BasicVisualizer]: Tự động chọn biểu đồ cho cột 'OF_High'...
[2025-12-11 21:26:14] [INFO] [preprocess] [BasicVisualizer]: Hoàn thành vẽ Histogram + KDE cho cột 'OF_High'.
[2025-12-11 21:26:15] [INFO] [preprocess] [BasicVisualizer]: Hoàn thành vẽ Boxplot cho cột 'OF_High'.
[2025-12-11 21:26:15] [INFO] [preprocess] [BasicVisualizer]: Tự động chọn biểu đồ cho cột 'OF_Low'...
[2025-12-11 21:26:16] [INFO] [preprocess] [BasicVisualizer]: Hoàn thành vẽ Histogram + KDE cho cột 'OF_Low'.
[2025-12-11 21:26:16] [INFO] [preprocess] [BasicVisualizer]: Hoàn thành vẽ Boxplot cho cột 'OF_Low'.
[2025-12-11 21:26:16] [INFO] [preprocess] [BasicVisualizer]: Tự động chọn biểu đồ cho cột 'OF_Volume'...
[2025-12-11 21:26:17] [INFO] [preprocess] [BasicVisualizer]: Hoàn thành vẽ Histogram + KDE cho cột 'OF_Volume'.
[2025-12-11 21:26:17] [INFO] [preprocess] [BasicVisualizer]: Hoàn thành vẽ Boxplot cho cột 'OF_Volume'.
[2025-12-11 21:26:17] [INFO] [preprocess] [BasicVisualizer]: Tự động chọn biểu đồ cho cột 'OF_Trend'...
[2025-12-11 21:26:18] [INFO] [preprocess] [BasicVisualizer]: Hoàn thành vẽ Bar chart cho cột 'OF_Trend'.
[2025-12-11 21:26:18] [INFO] [preprocess] [BasicVisualizer]: Tự động chọn biểu đồ cho cột 'OS_Price'...
[2025-12-11 21:26:25] [INFO] [preprocess] [BasicVisualizer]: Hoàn thành vẽ Bar chart cho cột 'OS_Price'.
[2025-12-11 21:26:25] [INFO] [preprocess] [BasicVisualizer]: Tự động chọn biểu đồ cho cột 'OS_Open'...
[2025-12-11 21:26:26] [INFO] [preprocess] [BasicVisualizer]: Hoàn thành vẽ Histogram + KDE cho cột 'OS_Open'.
[2025-12-11 21:26:26] [INFO] [preprocess] [BasicVisualizer]: Hoàn thành vẽ Boxplot cho cột 'OS_Open'.
[2025-12-11 21:26:26] [INFO] [preprocess] [BasicVisualizer]: Tự động chọn biểu đồ cho cột 'OS_High'...
[2025-12-11 21:26:27] [INFO] [preprocess] [BasicVisualizer]: Hoàn thành vẽ Histogram + KDE cho cột 'OS_High'.
[2025-12-11 21:26:27] [INFO] [preprocess] [BasicVisualizer]: Hoàn thành vẽ Boxplot cho cột 'OS_High'.
[2025-12-11 21:26:27] [INFO] [preprocess] [BasicVisualizer]: Tự động chọn biểu đồ cho cột 'OS_Low'...
[2025-12-11 21:26:28] [INFO] [preprocess] [BasicVisualizer]: Hoàn thành vẽ Histogram + KDE cho cột 'OS_Low'.
[2025-12-11 21:26:29] [INFO] [preprocess] [BasicVisualizer]: Hoàn thành vẽ Boxplot cho cột 'OS_Low'.
[2025-12-11 21:26:29] [INFO] [preprocess] [BasicVisualizer]: Tự động chọn biểu đồ cho cột 'OS_Trend'...
[2025-12-11 21:26:29] [INFO] [preprocess] [BasicVisualizer]: Hoàn thành vẽ Bar chart cho cột 'OS_Trend'.
[2025-12-11 21:26:29] [INFO] [preprocess] [BasicVisualizer]: Tự động chọn biểu đồ cho cột 'SF_Price'...
[2025-12-11 21:26:30] [INFO] [preprocess] [BasicVisualizer]: Hoàn thành vẽ Histogram + KDE cho cột 'SF_Price'.
[2025-12-11 21:26:31] [INFO] [preprocess] [BasicVisualizer]: Hoàn thành vẽ Boxplot cho cột 'SF_Price'.
[2025-12-11 21:26:31] [INFO] [preprocess] [BasicVisualizer]: Tự động chọn biểu đồ cho cột 'SF_Open'...
[2025-12-11 21:26:31] [INFO] [preprocess] [BasicVisualizer]: Hoàn thành vẽ Histogram + KDE cho cột 'SF_Open'.
[2025-12-11 21:26:32] [INFO] [preprocess] [BasicVisualizer]: Hoàn thành vẽ Boxplot cho cột 'SF_Open'.
[2025-12-11 21:26:32] [INFO] [preprocess] [BasicVisualizer]: Tự động chọn biểu đồ cho cột 'SF_High'...
[2025-12-11 21:26:33] [INFO] [preprocess] [BasicVisualizer]: Hoàn thành vẽ Histogram + KDE cho cột 'SF_High'.
[2025-12-11 21:26:33] [INFO] [preprocess] [BasicVisualizer]: Hoàn thành vẽ Boxplot cho cột 'SF_High'.
[2025-12-11 21:26:33] [INFO] [preprocess] [BasicVisualizer]: Tự động chọn biểu đồ cho cột 'SF_Low'...
[2025-12-11 21:26:34] [INFO] [preprocess] [BasicVisualizer]: Hoàn thành vẽ Histogram + KDE cho cột 'SF_Low'.
[2025-12-11 21:26:35] [INFO] [preprocess] [BasicVisualizer]: Hoàn thành vẽ Boxplot cho cột 'SF_Low'.
[2025-12-11 21:26:35] [INFO] [preprocess] [BasicVisualizer]: Tự động chọn biểu đồ cho cột 'SF_Volume'...
[2025-12-11 21:26:35] [INFO] [preprocess] [BasicVisualizer]: Hoàn thành vẽ Histogram + KDE cho cột 'SF_Volume'.
[2025-12-11 21:26:36] [INFO] [preprocess] [BasicVisualizer]: Hoàn thành vẽ Boxplot cho cột 'SF_Volume'.
[2025-12-11 21:26:36] [INFO] [preprocess] [BasicVisualizer]: Tự động chọn biểu đồ cho cột 'SF_Trend'...
[2025-12-11 21:26:36] [INFO] [preprocess] [BasicVisualizer]: Hoàn thành vẽ Bar chart cho cột 'SF_Trend'.
[2025-12-11 21:26:36] [INFO] [preprocess] [BasicVisualizer]: Tự động chọn biểu đồ cho cột 'USB_Price'...
[2025-12-11 21:26:37] [INFO] [preprocess] [BasicVisualizer]: Hoàn thành vẽ Histogram + KDE cho cột 'USB_Price'.
[2025-12-11 21:26:38] [INFO] [preprocess] [BasicVisualizer]: Hoàn thành vẽ Boxplot cho cột 'USB_Price'.
[2025-12-11 21:26:38] [INFO] [preprocess] [BasicVisualizer]: Tự động chọn biểu đồ cho cột 'USB_Open'...
[2025-12-11 21:26:38] [INFO] [preprocess] [BasicVisualizer]: Hoàn thành vẽ Histogram + KDE cho cột 'USB_Open'.
[2025-12-11 21:26:39] [INFO] [preprocess] [BasicVisualizer]: Hoàn thành vẽ Boxplot cho cột 'USB_Open'.
[2025-12-11 21:26:39] [INFO] [preprocess] [BasicVisualizer]: Tự động chọn biểu đồ cho cột 'USB_High'...
[2025-12-11 21:26:39] [INFO] [preprocess] [BasicVisualizer]: Hoàn thành vẽ Histogram + KDE cho cột 'USB_High'.
[2025-12-11 21:26:40] [INFO] [preprocess] [BasicVisualizer]: Hoàn thành vẽ Boxplot cho cột 'USB_High'.
[2025-12-11 21:26:40] [INFO] [preprocess] [BasicVisualizer]: Tự động chọn biểu đồ cho cột 'USB_Low'...
[2025-12-11 21:26:41] [INFO] [preprocess] [BasicVisualizer]: Hoàn thành vẽ Histogram + KDE cho cột 'USB_Low'.
[2025-12-11 21:26:42] [INFO] [preprocess] [BasicVisualizer]: Hoàn thành vẽ Boxplot cho cột 'USB_Low'.
[2025-12-11 21:26:42] [INFO] [preprocess] [BasicVisualizer]: Tự động chọn biểu đồ cho cột 'USB_Trend'...
[2025-12-11 21:26:42] [INFO] [preprocess] [BasicVisualizer]: Hoàn thành vẽ Bar chart cho cột 'USB_Trend'.
[2025-12-11 21:26:42] [INFO] [preprocess] [BasicVisualizer]: Tự động chọn biểu đồ cho cột 'PLT_Price'...
[2025-12-11 21:26:58] [INFO] [preprocess] [BasicVisualizer]: Hoàn thành vẽ Bar chart cho cột 'PLT_Price'.
[2025-12-11 21:26:58] [INFO] [preprocess] [BasicVisualizer]: Tự động chọn biểu đồ cho cột 'PLT_Open'...
[2025-12-11 21:26:59] [INFO] [preprocess] [BasicVisualizer]: Hoàn thành vẽ Histogram + KDE cho cột 'PLT_Open'.
[2025-12-11 21:26:59] [INFO] [preprocess] [BasicVisualizer]: Hoàn thành vẽ Boxplot cho cột 'PLT_Open'.
[2025-12-11 21:26:59] [INFO] [preprocess] [BasicVisualizer]: Tự động chọn biểu đồ cho cột 'PLT_High'...
[2025-12-11 21:27:00] [INFO] [preprocess] [BasicVisualizer]: Hoàn thành vẽ Histogram + KDE cho cột 'PLT_High'.
[2025-12-11 21:27:01] [INFO] [preprocess] [BasicVisualizer]: Hoàn thành vẽ Boxplot cho cột 'PLT_High'.
[2025-12-11 21:27:01] [INFO] [preprocess] [BasicVisualizer]: Tự động chọn biểu đồ cho cột 'PLT_Low'...
[2025-12-11 21:27:01] [INFO] [preprocess] [BasicVisualizer]: Hoàn thành vẽ Histogram + KDE cho cột 'PLT_Low'.
[2025-12-11 21:27:02] [INFO] [preprocess] [BasicVisualizer]: Hoàn thành vẽ Boxplot cho cột 'PLT_Low'.
[2025-12-11 21:27:02] [INFO] [preprocess] [BasicVisualizer]: Tự động chọn biểu đồ cho cột 'PLT_Trend'...
[2025-12-11 21:27:02] [INFO] [preprocess] [BasicVisualizer]: Hoàn thành vẽ Bar chart cho cột 'PLT_Trend'.
[2025-12-11 21:27:02] [INFO] [preprocess] [BasicVisualizer]: Tự động chọn biểu đồ cho cột 'PLD_Price'...
[2025-12-11 21:27:03] [INFO] [preprocess] [BasicVisualizer]: Hoàn thành vẽ Histogram + KDE cho cột 'PLD_Price'.
[2025-12-11 21:27:04] [INFO] [preprocess] [BasicVisualizer]: Hoàn thành vẽ Boxplot cho cột 'PLD_Price'.
[2025-12-11 21:27:04] [INFO] [preprocess] [BasicVisualizer]: Tự động chọn biểu đồ cho cột 'PLD_Open'...
[2025-12-11 21:27:04] [INFO] [preprocess] [BasicVisualizer]: Hoàn thành vẽ Histogram + KDE cho cột 'PLD_Open'.
[2025-12-11 21:27:05] [INFO] [preprocess] [BasicVisualizer]: Hoàn thành vẽ Boxplot cho cột 'PLD_Open'.
[2025-12-11 21:27:05] [INFO] [preprocess] [BasicVisualizer]: Tự động chọn biểu đồ cho cột 'PLD_High'...
[2025-12-11 21:27:05] [INFO] [preprocess] [BasicVisualizer]: Hoàn thành vẽ Histogram + KDE cho cột 'PLD_High'.
[2025-12-11 21:27:06] [INFO] [preprocess] [BasicVisualizer]: Hoàn thành vẽ Boxplot cho cột 'PLD_High'.
[2025-12-11 21:27:06] [INFO] [preprocess] [BasicVisualizer]: Tự động chọn biểu đồ cho cột 'PLD_Low'...
[2025-12-11 21:27:07] [INFO] [preprocess] [BasicVisualizer]: Hoàn thành vẽ Histogram + KDE cho cột 'PLD_Low'.
[2025-12-11 21:27:07] [INFO] [preprocess] [BasicVisualizer]: Hoàn thành vẽ Boxplot cho cột 'PLD_Low'.
[2025-12-11 21:27:07] [INFO] [preprocess] [BasicVisualizer]: Tự động chọn biểu đồ cho cột 'PLD_Trend'...
[2025-12-11 21:27:08] [INFO] [preprocess] [BasicVisualizer]: Hoàn thành vẽ Bar chart cho cột 'PLD_Trend'.
[2025-12-11 21:27:08] [INFO] [preprocess] [BasicVisualizer]: Tự động chọn biểu đồ cho cột 'RHO_PRICE'...
[2025-12-11 21:27:09] [INFO] [preprocess] [BasicVisualizer]: Hoàn thành vẽ Histogram + KDE cho cột 'RHO_PRICE'.
[2025-12-11 21:27:09] [INFO] [preprocess] [BasicVisualizer]: Hoàn thành vẽ Boxplot cho cột 'RHO_PRICE'.
[2025-12-11 21:27:09] [INFO] [preprocess] [BasicVisualizer]: Tự động chọn biểu đồ cho cột 'USDI_Price'...
[2025-12-11 21:27:10] [INFO] [preprocess] [BasicVisualizer]: Hoàn thành vẽ Histogram + KDE cho cột 'USDI_Price'.
[2025-12-11 21:27:11] [INFO] [preprocess] [BasicVisualizer]: Hoàn thành vẽ Boxplot cho cột 'USDI_Price'.
[2025-12-11 21:27:11] [INFO] [preprocess] [BasicVisualizer]: Tự động chọn biểu đồ cho cột 'USDI_Open'...
[2025-12-11 21:27:12] [INFO] [preprocess] [BasicVisualizer]: Hoàn thành vẽ Histogram + KDE cho cột 'USDI_Open'.
[2025-12-11 21:27:12] [INFO] [preprocess] [BasicVisualizer]: Hoàn thành vẽ Boxplot cho cột 'USDI_Open'.
[2025-12-11 21:27:12] [INFO] [preprocess] [BasicVisualizer]: Tự động chọn biểu đồ cho cột 'USDI_High'...
[2025-12-11 21:28:08] [INFO] [preprocess] [BasicVisualizer]: Hoàn thành vẽ Histogram + KDE cho cột 'USDI_High'.
[2025-12-11 21:28:08] [INFO] [preprocess] [BasicVisualizer]: Hoàn thành vẽ Boxplot cho cột 'USDI_High'.
[2025-12-11 21:28:08] [INFO] [preprocess] [BasicVisualizer]: Tự động chọn biểu đồ cho cột 'USDI_Low'...
[2025-12-11 21:28:09] [INFO] [preprocess] [BasicVisualizer]: Hoàn thành vẽ Histogram + KDE cho cột 'USDI_Low'.
[2025-12-11 21:28:09] [INFO] [preprocess] [BasicVisualizer]: Hoàn thành vẽ Boxplot cho cột 'USDI_Low'.
[2025-12-11 21:28:09] [INFO] [preprocess] [BasicVisualizer]: Tự động chọn biểu đồ cho cột 'USDI_Volume'...
[2025-12-11 21:28:10] [INFO] [preprocess] [BasicVisualizer]: Hoàn thành vẽ Histogram + KDE cho cột 'USDI_Volume'.
[2025-12-11 21:28:10] [INFO] [preprocess] [BasicVisualizer]: Hoàn thành vẽ Boxplot cho cột 'USDI_Volume'.
[2025-12-11 21:28:10] [INFO] [preprocess] [BasicVisualizer]: Tự động chọn biểu đồ cho cột 'USDI_Trend'...
[2025-12-11 21:28:11] [INFO] [preprocess] [BasicVisualizer]: Hoàn thành vẽ Bar chart cho cột 'USDI_Trend'.
[2025-12-11 21:28:11] [INFO] [preprocess] [BasicVisualizer]: Tự động chọn biểu đồ cho cột 'GDX_Open'...
[2025-12-11 21:28:11] [INFO] [preprocess] [BasicVisualizer]: Hoàn thành vẽ Histogram + KDE cho cột 'GDX_Open'.
[2025-12-11 21:28:12] [INFO] [preprocess] [BasicVisualizer]: Hoàn thành vẽ Boxplot cho cột 'GDX_Open'.
[2025-12-11 21:28:12] [INFO] [preprocess] [BasicVisualizer]: Tự động chọn biểu đồ cho cột 'GDX_High'...
[2025-12-11 21:28:12] [INFO] [preprocess] [BasicVisualizer]: Hoàn thành vẽ Histogram + KDE cho cột 'GDX_High'.
[2025-12-11 21:28:13] [INFO] [preprocess] [BasicVisualizer]: Hoàn thành vẽ Boxplot cho cột 'GDX_High'.
[2025-12-11 21:28:13] [INFO] [preprocess] [BasicVisualizer]: Tự động chọn biểu đồ cho cột 'GDX_Low'...
[2025-12-11 21:28:14] [INFO] [preprocess] [BasicVisualizer]: Hoàn thành vẽ Histogram + KDE cho cột 'GDX_Low'.
[2025-12-11 21:28:14] [INFO] [preprocess] [BasicVisualizer]: Hoàn thành vẽ Boxplot cho cột 'GDX_Low'.
[2025-12-11 21:28:14] [INFO] [preprocess] [BasicVisualizer]: Tự động chọn biểu đồ cho cột 'GDX_Close'...
[2025-12-11 21:28:15] [INFO] [preprocess] [BasicVisualizer]: Hoàn thành vẽ Histogram + KDE cho cột 'GDX_Close'.
[2025-12-11 21:28:16] [INFO] [preprocess] [BasicVisualizer]: Hoàn thành vẽ Boxplot cho cột 'GDX_Close'.
[2025-12-11 21:28:16] [INFO] [preprocess] [BasicVisualizer]: Tự động chọn biểu đồ cho cột 'GDX_Adj Close'...
[2025-12-11 21:28:16] [INFO] [preprocess] [BasicVisualizer]: Hoàn thành vẽ Histogram + KDE cho cột 'GDX_Adj Close'.
[2025-12-11 21:28:17] [INFO] [preprocess] [BasicVisualizer]: Hoàn thành vẽ Boxplot cho cột 'GDX_Adj Close'.
[2025-12-11 21:28:17] [INFO] [preprocess] [BasicVisualizer]: Tự động chọn biểu đồ cho cột 'GDX_Volume'...
[2025-12-11 21:28:17] [INFO] [preprocess] [BasicVisualizer]: Hoàn thành vẽ Histogram + KDE cho cột 'GDX_Volume'.
[2025-12-11 21:28:18] [INFO] [preprocess] [BasicVisualizer]: Hoàn thành vẽ Boxplot cho cột 'GDX_Volume'.
[2025-12-11 21:28:18] [INFO] [preprocess] [BasicVisualizer]: Tự động chọn biểu đồ cho cột 'USO_Open'...
[2025-12-11 21:28:19] [INFO] [preprocess] [BasicVisualizer]: Hoàn thành vẽ Histogram + KDE cho cột 'USO_Open'.
[2025-12-11 21:28:19] [INFO] [preprocess] [BasicVisualizer]: Hoàn thành vẽ Boxplot cho cột 'USO_Open'.
[2025-12-11 21:28:19] [INFO] [preprocess] [BasicVisualizer]: Tự động chọn biểu đồ cho cột 'USO_High'...
[2025-12-11 21:28:20] [INFO] [preprocess] [BasicVisualizer]: Hoàn thành vẽ Histogram + KDE cho cột 'USO_High'.
[2025-12-11 21:28:20] [INFO] [preprocess] [BasicVisualizer]: Hoàn thành vẽ Boxplot cho cột 'USO_High'.
[2025-12-11 21:28:20] [INFO] [preprocess] [BasicVisualizer]: Tự động chọn biểu đồ cho cột 'USO_Low'...
[2025-12-11 21:28:21] [INFO] [preprocess] [BasicVisualizer]: Hoàn thành vẽ Histogram + KDE cho cột 'USO_Low'.
[2025-12-11 21:28:21] [INFO] [preprocess] [BasicVisualizer]: Hoàn thành vẽ Boxplot cho cột 'USO_Low'.
[2025-12-11 21:28:21] [INFO] [preprocess] [BasicVisualizer]: Tự động chọn biểu đồ cho cột 'USO_Close'...
[2025-12-11 21:28:22] [INFO] [preprocess] [BasicVisualizer]: Hoàn thành vẽ Histogram + KDE cho cột 'USO_Close'.
[2025-12-11 21:28:22] [INFO] [preprocess] [BasicVisualizer]: Hoàn thành vẽ Boxplot cho cột 'USO_Close'.
[2025-12-11 21:28:22] [INFO] [preprocess] [BasicVisualizer]: Tự động chọn biểu đồ cho cột 'USO_Adj Close'...
[2025-12-11 21:28:23] [INFO] [preprocess] [BasicVisualizer]: Hoàn thành vẽ Histogram + KDE cho cột 'USO_Adj Close'.
[2025-12-11 21:28:24] [INFO] [preprocess] [BasicVisualizer]: Hoàn thành vẽ Boxplot cho cột 'USO_Adj Close'.
[2025-12-11 21:28:24] [INFO] [preprocess] [BasicVisualizer]: Tự động chọn biểu đồ cho cột 'USO_Volume'...
[2025-12-11 21:28:24] [INFO] [preprocess] [BasicVisualizer]: Hoàn thành vẽ Histogram + KDE cho cột 'USO_Volume'.
[2025-12-11 21:28:25] [INFO] [preprocess] [BasicVisualizer]: Hoàn thành vẽ Boxplot cho cột 'USO_Volume'.
[2025-12-11 21:28:25] [INFO] [preprocess] [BasicVisualizer]: Tự động chọn biểu đồ cho cột 'Empty_Column_1'...
[2025-12-11 21:28:25] [ERROR] [preprocess] [BasicVisualizer]: Cột 'Empty_Column_1' không có dữ liệu số hợp lệ để vẽ.
[2025-12-11 21:28:25] [INFO] [preprocess] [BasicVisualizer]: Tự động chọn biểu đồ cho cột 'Empty_Column_2'...
[2025-12-11 21:28:25] [ERROR] [preprocess] [BasicVisualizer]: Cột 'Empty_Column_2' không có dữ liệu số hợp lệ để vẽ.
[2025-12-11 21:28:25] [INFO] [preprocess] [BasicVisualizer]: Tự động chọn biểu đồ cho cột 'Empty_Column_3'...
[2025-12-11 21:28:25] [ERROR] [preprocess] [BasicVisualizer]: Cột 'Empty_Column_3' không có dữ liệu số hợp lệ để vẽ.
[2025-12-11 21:28:28] [INFO] [preprocess] [BasicVisualizer]: Hoàn thành vẽ heatmap ma trận tương quan.
[2025-12-11 21:28:28] [INFO] [preprocess] [DataPreprocessor]: *** XỬ LÝ CỘT NGÀY THÁNG 'Date' ***
[2025-12-11 21:28:28] [DEBUG] [preprocess] [DataPreprocessor]: Đã nội suy cột 'Date'.
[2025-12-11 21:28:28] [DEBUG] [preprocess] [DataPreprocessor]: Đã loại bỏ 3 hàng trùng lặp theo cột 'Date'.
[2025-12-11 21:28:28] [DEBUG] [preprocess] [DataPreprocessor]: Hoàn thành xử lý cột ngày tháng 'Date'.
[2025-12-11 21:28:28] [DEBUG] [preprocess] [DataPreprocessor]: Cột 'Date' đã được chuyển đổi sang kiểu: datetime64[ns]
[2025-12-11 21:28:28] [INFO] [preprocess] [DataPreprocessor]: *** XOÁ CỘT / HÀNG CHẤT LƯỢNG THẤP (Ngưỡng: 66.67%) ***
[2025-12-11 21:28:28] [DEBUG] [preprocess] [DataPreprocessor]: Xoá 3 cột có tỷ lệ giá trị hợp lệ dưới 66.67%.
[2025-12-11 21:28:28] [DEBUG] [preprocess] [DataPreprocessor]: Xoá 2 hàng có tỷ lệ giá trị hợp lệ dưới 66.67%.
[2025-12-11 21:28:28] [INFO] [preprocess] [DataPreprocessor]: *** XOÁ HÀNG TRÙNG LẶP ***
[2025-12-11 21:28:28] [DEBUG] [preprocess] [DataPreprocessor]: Đã xoá 0 hàng trùng lặp.
[2025-12-11 21:28:28] [INFO] [preprocess] [DataPreprocessor]: *** LÀM SẠCH ĐỊNH DẠNG SỐ (Thay dấu ',' bằng '.') ***
[2025-12-11 21:28:28] [DEBUG] [preprocess] [DataPreprocessor]: Làm sạch định dạng số cho cột 'EG_high' bằng cách thay dấu phẩy bằng dấu chấm.
[2025-12-11 21:28:28] [DEBUG] [preprocess] [DataPreprocessor]: Làm sạch định dạng số cho cột 'OS_Price' bằng cách thay dấu phẩy bằng dấu chấm.
[2025-12-11 21:28:28] [DEBUG] [preprocess] [DataPreprocessor]: Làm sạch định dạng số cho cột 'PLT_Price' bằng cách thay dấu phẩy bằng dấu chấm.
[2025-12-11 21:28:28] [INFO] [preprocess] [DataPreprocessor]: *** ĐIỀN GIÁ TRỊ THIẾU BẰNG PHƯƠNG PHÁP 'interpolate' ***
[2025-12-11 21:28:28] [DEBUG] [preprocess] [DataPreprocessor]: Đã điền giá trị thiếu cho cột 'High' bằng phương pháp 'interpolate'.
[2025-12-11 21:28:28] [DEBUG] [preprocess] [DataPreprocessor]: Đã điền giá trị thiếu cho cột 'DJ_low' bằng phương pháp 'interpolate'.
[2025-12-11 21:28:28] [DEBUG] [preprocess] [DataPreprocessor]: Đã điền giá trị thiếu cho cột 'EG_open' bằng phương pháp 'interpolate'.
[2025-12-11 21:28:28] [DEBUG] [preprocess] [DataPreprocessor]: Đã điền giá trị thiếu cho cột 'EG_high' bằng phương pháp 'interpolate'.
[2025-12-11 21:28:28] [DEBUG] [preprocess] [DataPreprocessor]: Đã điền giá trị thiếu cho cột 'EG_low' bằng phương pháp 'interpolate'.
[2025-12-11 21:28:28] [DEBUG] [preprocess] [DataPreprocessor]: Đã điền giá trị thiếu cho cột 'EU_Price' bằng phương pháp 'interpolate'.
[2025-12-11 21:28:28] [DEBUG] [preprocess] [DataPreprocessor]: Đã điền giá trị thiếu cho cột 'EU_high' bằng phương pháp 'interpolate'.
[2025-12-11 21:28:28] [DEBUG] [preprocess] [DataPreprocessor]: Đã điền giá trị thiếu cho cột 'OF_Price' bằng phương pháp 'interpolate'.
[2025-12-11 21:28:28] [DEBUG] [preprocess] [DataPreprocessor]: Đã điền giá trị thiếu cho cột 'OS_Price' bằng phương pháp 'interpolate'.
[2025-12-11 21:28:28] [INFO] [preprocess] [DataPreprocessor]: *** TỰ ĐỘNG CHUYỂN KIỂU DỮ LIỆU TOÀN BỘ DATAFRAME ***
[2025-12-11 21:28:28] [DEBUG] [preprocess] [DataPreprocessor]: Cột 'Volume': float -> int
[2025-12-11 21:28:28] [DEBUG] [preprocess] [DataPreprocessor]: Chuyển kiểu cột 'Volume' sang 'int' thành công.
[2025-12-11 21:28:28] [DEBUG] [preprocess] [DataPreprocessor]: Cột 'SP_volume': float -> int
[2025-12-11 21:28:28] [DEBUG] [preprocess] [DataPreprocessor]: Chuyển kiểu cột 'SP_volume' sang 'int' thành công.
[2025-12-11 21:28:28] [DEBUG] [preprocess] [DataPreprocessor]: Cột 'DJ_volume': float -> int
[2025-12-11 21:28:28] [DEBUG] [preprocess] [DataPreprocessor]: Chuyển kiểu cột 'DJ_volume' sang 'int' thành công.
[2025-12-11 21:28:28] [DEBUG] [preprocess] [DataPreprocessor]: Cột 'EG_volume': float -> int
[2025-12-11 21:28:28] [DEBUG] [preprocess] [DataPreprocessor]: Chuyển kiểu cột 'EG_volume' sang 'int' thành công.
[2025-12-11 21:28:28] [DEBUG] [preprocess] [DataPreprocessor]: Cột 'EU_Trend': float -> int
[2025-12-11 21:28:28] [DEBUG] [preprocess] [DataPreprocessor]: Chuyển kiểu cột 'EU_Trend' sang 'int' thành công.
[2025-12-11 21:28:28] [DEBUG] [preprocess] [DataPreprocessor]: Cột 'OF_Volume': float -> int
[2025-12-11 21:28:28] [DEBUG] [preprocess] [DataPreprocessor]: Chuyển kiểu cột 'OF_Volume' sang 'int' thành công.
[2025-12-11 21:28:28] [DEBUG] [preprocess] [DataPreprocessor]: Cột 'OF_Trend': float -> int
[2025-12-11 21:28:28] [DEBUG] [preprocess] [DataPreprocessor]: Chuyển kiểu cột 'OF_Trend' sang 'int' thành công.
[2025-12-11 21:28:28] [DEBUG] [preprocess] [DataPreprocessor]: Cột 'OS_Trend': float -> int
[2025-12-11 21:28:28] [DEBUG] [preprocess] [DataPreprocessor]: Chuyển kiểu cột 'OS_Trend' sang 'int' thành công.
[2025-12-11 21:28:28] [DEBUG] [preprocess] [DataPreprocessor]: Cột 'SF_Price': float -> int
[2025-12-11 21:28:28] [DEBUG] [preprocess] [DataPreprocessor]: Chuyển kiểu cột 'SF_Price' sang 'int' thành công.
[2025-12-11 21:28:28] [DEBUG] [preprocess] [DataPreprocessor]: Cột 'SF_Open': float -> int
[2025-12-11 21:28:28] [DEBUG] [preprocess] [DataPreprocessor]: Chuyển kiểu cột 'SF_Open' sang 'int' thành công.
[2025-12-11 21:28:28] [DEBUG] [preprocess] [DataPreprocessor]: Cột 'SF_High': float -> int
[2025-12-11 21:28:28] [DEBUG] [preprocess] [DataPreprocessor]: Chuyển kiểu cột 'SF_High' sang 'int' thành công.
[2025-12-11 21:28:28] [DEBUG] [preprocess] [DataPreprocessor]: Cột 'SF_Low': float -> int
[2025-12-11 21:28:28] [DEBUG] [preprocess] [DataPreprocessor]: Chuyển kiểu cột 'SF_Low' sang 'int' thành công.
[2025-12-11 21:28:28] [DEBUG] [preprocess] [DataPreprocessor]: Cột 'SF_Volume': float -> int
[2025-12-11 21:28:28] [DEBUG] [preprocess] [DataPreprocessor]: Chuyển kiểu cột 'SF_Volume' sang 'int' thành công.
[2025-12-11 21:28:28] [DEBUG] [preprocess] [DataPreprocessor]: Cột 'SF_Trend': float -> int
[2025-12-11 21:28:28] [DEBUG] [preprocess] [DataPreprocessor]: Chuyển kiểu cột 'SF_Trend' sang 'int' thành công.
[2025-12-11 21:28:28] [DEBUG] [preprocess] [DataPreprocessor]: Cột 'USB_Trend': float -> int
[2025-12-11 21:28:28] [DEBUG] [preprocess] [DataPreprocessor]: Chuyển kiểu cột 'USB_Trend' sang 'int' thành công.
[2025-12-11 21:28:28] [DEBUG] [preprocess] [DataPreprocessor]: Cột 'PLT_Trend': float -> int
[2025-12-11 21:28:28] [DEBUG] [preprocess] [DataPreprocessor]: Chuyển kiểu cột 'PLT_Trend' sang 'int' thành công.
[2025-12-11 21:28:28] [DEBUG] [preprocess] [DataPreprocessor]: Cột 'PLD_Trend': float -> int
[2025-12-11 21:28:28] [DEBUG] [preprocess] [DataPreprocessor]: Chuyển kiểu cột 'PLD_Trend' sang 'int' thành công.
[2025-12-11 21:28:28] [DEBUG] [preprocess] [DataPreprocessor]: Cột 'RHO_PRICE': float -> int
[2025-12-11 21:28:28] [DEBUG] [preprocess] [DataPreprocessor]: Chuyển kiểu cột 'RHO_PRICE' sang 'int' thành công.
[2025-12-11 21:28:28] [DEBUG] [preprocess] [DataPreprocessor]: Cột 'USDI_Volume': float -> int
[2025-12-11 21:28:28] [DEBUG] [preprocess] [DataPreprocessor]: Chuyển kiểu cột 'USDI_Volume' sang 'int' thành công.
[2025-12-11 21:28:28] [DEBUG] [preprocess] [DataPreprocessor]: Cột 'USDI_Trend': float -> int
[2025-12-11 21:28:28] [DEBUG] [preprocess] [DataPreprocessor]: Chuyển kiểu cột 'USDI_Trend' sang 'int' thành công.
[2025-12-11 21:28:28] [DEBUG] [preprocess] [DataPreprocessor]: Cột 'GDX_Volume': float -> int
[2025-12-11 21:28:28] [DEBUG] [preprocess] [DataPreprocessor]: Chuyển kiểu cột 'GDX_Volume' sang 'int' thành công.
[2025-12-11 21:28:28] [DEBUG] [preprocess] [DataPreprocessor]: Cột 'USO_Volume': float -> int
[2025-12-11 21:28:28] [DEBUG] [preprocess] [DataPreprocessor]: Chuyển kiểu cột 'USO_Volume' sang 'int' thành công.
[2025-12-11 21:28:28] [INFO] [preprocess] [DataPreprocessor]: Các cột đã chuyển kiểu:
[2025-12-11 21:28:28] [INFO] [preprocess] [DataPreprocessor]: Cột 'Volume': float -> int
[2025-12-11 21:28:28] [INFO] [preprocess] [DataPreprocessor]: Cột 'SP_volume': float -> int
[2025-12-11 21:28:28] [INFO] [preprocess] [DataPreprocessor]: Cột 'DJ_volume': float -> int
[2025-12-11 21:28:28] [INFO] [preprocess] [DataPreprocessor]: Cột 'EG_volume': float -> int
[2025-12-11 21:28:28] [INFO] [preprocess] [DataPreprocessor]: Cột 'EU_Trend': float -> int
[2025-12-11 21:28:28] [INFO] [preprocess] [DataPreprocessor]: Cột 'OF_Volume': float -> int
[2025-12-11 21:28:28] [INFO] [preprocess] [DataPreprocessor]: Cột 'OF_Trend': float -> int
[2025-12-11 21:28:28] [INFO] [preprocess] [DataPreprocessor]: Cột 'OS_Trend': float -> int
[2025-12-11 21:28:28] [INFO] [preprocess] [DataPreprocessor]: Cột 'SF_Price': float -> int
[2025-12-11 21:28:28] [INFO] [preprocess] [DataPreprocessor]: Cột 'SF_Open': float -> int
[2025-12-11 21:28:28] [INFO] [preprocess] [DataPreprocessor]: Cột 'SF_High': float -> int
[2025-12-11 21:28:28] [INFO] [preprocess] [DataPreprocessor]: Cột 'SF_Low': float -> int
[2025-12-11 21:28:28] [INFO] [preprocess] [DataPreprocessor]: Cột 'SF_Volume': float -> int
[2025-12-11 21:28:28] [INFO] [preprocess] [DataPreprocessor]: Cột 'SF_Trend': float -> int
[2025-12-11 21:28:28] [INFO] [preprocess] [DataPreprocessor]: Cột 'USB_Trend': float -> int
[2025-12-11 21:28:28] [INFO] [preprocess] [DataPreprocessor]: Cột 'PLT_Trend': float -> int
[2025-12-11 21:28:28] [INFO] [preprocess] [DataPreprocessor]: Cột 'PLD_Trend': float -> int
[2025-12-11 21:28:28] [INFO] [preprocess] [DataPreprocessor]: Cột 'RHO_PRICE': float -> int
[2025-12-11 21:28:28] [INFO] [preprocess] [DataPreprocessor]: Cột 'USDI_Volume': float -> int
[2025-12-11 21:28:28] [INFO] [preprocess] [DataPreprocessor]: Cột 'USDI_Trend': float -> int
[2025-12-11 21:28:28] [INFO] [preprocess] [DataPreprocessor]: Cột 'GDX_Volume': float -> int
[2025-12-11 21:28:29] [INFO] [preprocess] [DataPreprocessor]: Cột 'USO_Volume': float -> int
[2025-12-11 21:28:29] [INFO] [preprocess] [DataScaler]: *** CHUẨN HÓA DỮ LIỆU BẰNG PHƯƠNG PHÁP 'minmax' ***
[2025-12-11 21:28:29] [INFO] [preprocess] [DataPreprocessor]: *** TỰ ĐỘNG CHUYỂN KIỂU DỮ LIỆU TOÀN BỘ DATAFRAME ***
[2025-12-11 21:28:29] [INFO] [preprocess] [DataPreprocessor]: Không có cột nào cần chuyển kiểu.
[2025-12-11 21:28:29] [INFO] [preprocess] [DataLoader]: *** XUẤT DỮ LIỆU RA FILE CSV ***
[2025-12-11 21:28:29] [INFO] [preprocess] [DataLoader]: Đã xuất dữ liệu ra: data/processed/data_clean.csv
[2025-12-11 21:28:29] [INFO] [preprocess] [DataFrameVisualizer]: >>> KHỞI TẠO BASIC VISUALIZER <<<
[2025-12-11 21:28:29] [INFO] [preprocess] [DataFrameVisualizer]: >>> KHỞI TẠO DATA FRAME VISUALIZER <<<
[2025-12-11 21:28:29] [INFO] [preprocess] [DataFrameVisualizer]: Bắt đầu tạo báo cáo trực quan hóa...
[2025-12-11 21:28:29] [INFO] [preprocess] [DataFrameVisualizer]: 
--- 1. XU HƯỚNG ---
[2025-12-11 21:28:29] [INFO] [preprocess] [DataFrameVisualizer]: Vẽ biểu đồ xu hướng giá Vàng với MA50 và MA200...
[2025-12-11 21:28:39] [INFO] [preprocess] [DataFrameVisualizer]: Hoàn thành vẽ biểu đồ xu hướng giá Vàng.
[2025-12-11 21:28:39] [INFO] [preprocess] [DataFrameVisualizer]: Vẽ biểu đồ xu hướng giá Vàng theo khung hình 2 năm...
[2025-12-11 21:30:45] [INFO] [preprocess] [DataFrameVisualizer]: Hoàn thành vẽ biểu đồ xu hướng giá Vàng theo khung hình.
[2025-12-11 21:30:45] [INFO] [preprocess] [DataFrameVisualizer]: 
--- 2. RỦI RO & BIẾN ĐỘNG ---
[2025-12-11 21:30:45] [INFO] [preprocess] [DataFrameVisualizer]: Vẽ biểu đồ rủi ro vs lợi nhuận: Giá Vàng và Độ biến động...
[2025-12-11 21:32:19] [INFO] [preprocess] [DataFrameVisualizer]: Hoàn thành vẽ biểu đồ rủi ro vs lợi nhuận.
[2025-12-11 21:32:19] [INFO] [preprocess] [DataFrameVisualizer]: 
--- 3. MÙA VỤ ---
[2025-12-11 21:32:19] [INFO] [preprocess] [DataFrameVisualizer]: Vẽ Heatmap lợi nhuận Vàng theo Tháng và Năm...
[2025-12-11 21:32:29] [INFO] [preprocess] [DataFrameVisualizer]: Hoàn thành vẽ Heatmap lợi nhuận Vàng theo Tháng và Năm.
[2025-12-11 21:32:29] [INFO] [preprocess] [DataFrameVisualizer]: 
--- 4. TƯƠNG QUAN ĐA BIẾN ---
[2025-12-11 21:32:29] [INFO] [preprocess] [DataFrameVisualizer]: Vẽ biểu đồ Dual Axis: Vàng vs USO_Adj Close...
[2025-12-11 21:32:37] [INFO] [preprocess] [DataFrameVisualizer]: Hoàn thành vẽ biểu đồ Dual Axis: Vàng vs USO_Adj Close.
[2025-12-11 21:32:37] [INFO] [preprocess] [DataFrameVisualizer]: Vẽ biểu đồ Dual Axis: Vàng vs USDI_Price...
[2025-12-11 21:32:43] [INFO] [preprocess] [DataFrameVisualizer]: Hoàn thành vẽ biểu đồ Dual Axis: Vàng vs USDI_Price.
[2025-12-11 21:32:43] [INFO] [preprocess] [DataFrameVisualizer]: Vẽ biểu đồ so sánh xu hướng: Vàng vs SP_Ajclose, DJ_Ajclose...
[2025-12-11 21:32:49] [INFO] [preprocess] [DataFrameVisualizer]: Hoàn thành vẽ biểu đồ so sánh xu hướng: Vàng vs SP_Ajclose, DJ_Ajclose.
[2025-12-11 21:32:49] [INFO] [preprocess] [DataFrameVisualizer]: Vẽ biểu đồ so sánh xu hướng: Vàng vs SF_Price, PLT_Price, PLD_Price...
[2025-12-11 21:32:54] [INFO] [preprocess] [DataFrameVisualizer]: Hoàn thành vẽ biểu đồ so sánh xu hướng: Vàng vs SF_Price, PLT_Price, PLD_Price.
[2025-12-11 21:32:54] [INFO] [preprocess] [DataFrameVisualizer]: Vẽ ma trận tương quan giữa Vàng và Top 15 yếu tố ảnh hưởng...
[2025-12-11 21:33:23] [INFO] [preprocess] [DataFrameVisualizer]: Hoàn thành vẽ ma trận tương quan.
[2025-12-11 21:33:23] [INFO] [preprocess] [DataFrameVisualizer]: Vẽ Cross-Lag Heatmap giữa Vàng và các tài sản khác (Max Lag: 7)...
[2025-12-11 21:33:53] [INFO] [preprocess] [DataFrameVisualizer]: Hoàn thành vẽ Cross-Lag Heatmap.
[2025-12-11 21:33:53] [INFO] [preprocess] [DataFrameVisualizer]: Vẽ biểu đồ tương quan trượt giữa Vàng và USD Index & Dầu (USO) với cửa sổ 90 ngày...
[2025-12-11 21:34:00] [INFO] [preprocess] [DataFrameVisualizer]: Hoàn thành vẽ biểu đồ tương quan trượt.
[2025-12-11 21:34:00] [INFO] [preprocess] [DataFrameVisualizer]: 
--- 5. PRICE ACTION ---
[2025-12-11 21:34:00] [INFO] [preprocess] [DataFrameVisualizer]: Vẽ biểu đồ nến Nhật Bản cho 60 phiên gần nhất...
[2025-12-11 21:34:08] [INFO] [preprocess] [DataFrameVisualizer]: Hoàn thành vẽ biểu đồ nến Nhật Bản cho 60 phiên gần nhất.
[2025-12-11 21:34:08] [INFO] [preprocess] [DataFrameVisualizer]: Hoàn tất báo cáo.
